<?xml version="1.0" encoding="UTF-8"?>
<testsuite name="org.apache.flink.api.java.functions.SemanticPropUtilTest" time="0.025" tests="65" errors="0" skipped="0" failures="0">
  <properties>
[...]
</properties>
  <testcase name="testSingleProjectionProperties" classname="org.apache.flink.api.java.functions.SemanticPropUtilTest" time="0.001"/>
  <testcase name="testForwardedForwardWildCard" classname="org.apache.flink.api.java.functions.SemanticPropUtilTest" time="0"/>
  <testcase name="testForwardedNonForwardedFirstCheck" classname="org.apache.flink.api.java.functions.SemanticPropUtilTest" time="0"/>
  <testcase name="testForwardedForwardMultiFields" classname="org.apache.flink.api.java.functions.SemanticPropUtilTest" time="0"/>
  <testcase name="testForwardedWithArrowSpaces" classname="org.apache.flink.api.java.functions.SemanticPropUtilTest" time="0"/>
  <testcase name="testForwardedSameTargetTwice" classname="org.apache.flink.api.java.functions.SemanticPropUtilTest" time="0.001"/>
  <testcase name="testAddSourceFieldOffsets" classname="org.apache.flink.api.java.functions.SemanticPropUtilTest" time="0"/>
  <testcase name="testNonForwardedSpaces" classname="org.apache.flink.api.java.functions.SemanticPropUtilTest" time="0"/>
  <testcase name="testForwardedMixedOneString" classname="org.apache.flink.api.java.functions.SemanticPropUtilTest" time="0"/>
  <testcase name="testForwardedNoArrrowOneString" classname="org.apache.flink.api.java.functions.SemanticPropUtilTest" time="0"/>
  <testcase name="testDualProjectionProperties" classname="org.apache.flink.api.java.functions.SemanticPropUtilTest" time="0.001"/>
  <testcase name="testForwardedNoArrowOneStringInvalidDelimiter" classname="org.apache.flink.api.java.functions.SemanticPropUtilTest" time="0"/>
  <testcase name="testReadFieldsInvalidString" classname="org.apache.flink.api.java.functions.SemanticPropUtilTest" time="0.001"/>
  <testcase name="testReadFieldsOneString" classname="org.apache.flink.api.java.functions.SemanticPropUtilTest" time="0"/>
  <testcase name="testForwardedNoArrrowSpaces" classname="org.apache.flink.api.java.functions.SemanticPropUtilTest" time="0.002"/>
  <testcase name="testForwardedInvalidTargetFieldType1" classname="org.apache.flink.api.java.functions.SemanticPropUtilTest" time="0"/>
  <testcase name="testForwardedInvalidTargetFieldType2" classname="org.apache.flink.api.java.functions.SemanticPropUtilTest" time="0"/>
  <testcase name="testForwardedInvalidTargetFieldType3" classname="org.apache.flink.api.java.functions.SemanticPropUtilTest" time="0.001"/>
  <testcase name="testForwardedInvalidTargetFieldType4" classname="org.apache.flink.api.java.functions.SemanticPropUtilTest" time="0"/>
  <testcase name="testForwardedInvalidTargetFieldType5" classname="org.apache.flink.api.java.functions.SemanticPropUtilTest" time="0.001"/>
  <testcase name="testForwardedNonForwardedSecondCheck" classname="org.apache.flink.api.java.functions.SemanticPropUtilTest" time="0"/>
  <testcase name="testForwardedNonForwardedCheck" classname="org.apache.flink.api.java.functions.SemanticPropUtilTest" time="0"/>
  <testcase name="testNonForwardedInvalidString" classname="org.apache.flink.api.java.functions.SemanticPropUtilTest" time="0"/>
  <testcase name="testNonForwardedInvalidTypes1" classname="org.apache.flink.api.java.functions.SemanticPropUtilTest" time="0"/>
  <testcase name="testNonForwardedInvalidTypes2" classname="org.apache.flink.api.java.functions.SemanticPropUtilTest" time="0.001"/>
  <testcase name="testNonForwardedInvalidTypes3" classname="org.apache.flink.api.java.functions.SemanticPropUtilTest" time="0"/>
  <testcase name="testNonForwardedInvalidTypes4" classname="org.apache.flink.api.java.functions.SemanticPropUtilTest" time="0"/>
  <testcase name="testNonForwardedInvalidTypes5" classname="org.apache.flink.api.java.functions.SemanticPropUtilTest" time="0"/>
  <testcase name="testAddSourceFieldOffset" classname="org.apache.flink.api.java.functions.SemanticPropUtilTest" time="0.001"/>
  <testcase name="testForwardedWithArrowIndividualStrings" classname="org.apache.flink.api.java.functions.SemanticPropUtilTest" time="0"/>
  <testcase name="testNonForwardedDual" classname="org.apache.flink.api.java.functions.SemanticPropUtilTest" time="0.001"/>
  <testcase name="testNonForwardedNone" classname="org.apache.flink.api.java.functions.SemanticPropUtilTest" time="0"/>
  <testcase name="testNonForwardedPojo" classname="org.apache.flink.api.java.functions.SemanticPropUtilTest" time="0.001"/>
  <testcase name="testNonForwardedRead" classname="org.apache.flink.api.java.functions.SemanticPropUtilTest" time="0"/>
  <testcase name="testNonForwardedSingleString" classname="org.apache.flink.api.java.functions.SemanticPropUtilTest" time="0.001"/>
  <testcase name="testForwardedInvalidString" classname="org.apache.flink.api.java.functions.SemanticPropUtilTest" time="0"/>
  <testcase name="testNonForwardedNestedTuple" classname="org.apache.flink.api.java.functions.SemanticPropUtilTest" time="0"/>
  <testcase name="testNonForwardedInvalidNesting" classname="org.apache.flink.api.java.functions.SemanticPropUtilTest" time="0.001"/>
  <testcase name="testReadFieldsDual" classname="org.apache.flink.api.java.functions.SemanticPropUtilTest" time="0.001"/>
  <testcase name="testReadFieldsPojo" classname="org.apache.flink.api.java.functions.SemanticPropUtilTest" time="0"/>
  <testcase name="testForwardedNestedTuples" classname="org.apache.flink.api.java.functions.SemanticPropUtilTest" time="0.003"/>
  <testcase name="testForwardedWithArrowOneString" classname="org.apache.flink.api.java.functions.SemanticPropUtilTest" time="0"/>
  <testcase name="testNonForwardedIndividualStrings" classname="org.apache.flink.api.java.functions.SemanticPropUtilTest" time="0"/>
  <testcase name="testReadFieldsBasic" classname="org.apache.flink.api.java.functions.SemanticPropUtilTest" time="0"/>
  <testcase name="testInvalidPojoField" classname="org.apache.flink.api.java.functions.SemanticPropUtilTest" time="0"/>
  <testcase name="testForwardedBasicType" classname="org.apache.flink.api.java.functions.SemanticPropUtilTest" time="0.001"/>
  <testcase name="testForwardedInvalidExpression" classname="org.apache.flink.api.java.functions.SemanticPropUtilTest" time="0.001"/>
  <testcase name="testReadFieldsNestedTupleWildCard" classname="org.apache.flink.api.java.functions.SemanticPropUtilTest" time="0"/>
  <testcase name="testNonForwardedNestedPojo" classname="org.apache.flink.api.java.functions.SemanticPropUtilTest" time="0"/>
  <testcase name="testReadFieldsNestedTuples" classname="org.apache.flink.api.java.functions.SemanticPropUtilTest" time="0"/>
  <testcase name="testReadFieldsNestedPojo" classname="org.apache.flink.api.java.functions.SemanticPropUtilTest" time="0"/>
  <testcase name="testReadFieldsIndividualStrings" classname="org.apache.flink.api.java.functions.SemanticPropUtilTest" time="0"/>
  <testcase name="testNonForwardedDualInvalidTypes1" classname="org.apache.flink.api.java.functions.SemanticPropUtilTest" time="0"/>
  <testcase name="testNonForwardedDualInvalidTypes2" classname="org.apache.flink.api.java.functions.SemanticPropUtilTest" time="0"/>
  <testcase name="testForwardedWildCardInvalidTypes1" classname="org.apache.flink.api.java.functions.SemanticPropUtilTest" time="0"/>
  <testcase name="testForwardedWildCardInvalidTypes2" classname="org.apache.flink.api.java.functions.SemanticPropUtilTest" time="0"/>
  <testcase name="testForwardedWildCardInvalidTypes3" classname="org.apache.flink.api.java.functions.SemanticPropUtilTest" time="0"/>
  <testcase name="testReadFieldsPojoInTuple" classname="org.apache.flink.api.java.functions.SemanticPropUtilTest" time="0"/>
  <testcase name="testForwardedWildCard" classname="org.apache.flink.api.java.functions.SemanticPropUtilTest" time="0.001"/>
  <testcase name="testReadFieldsSpaces" classname="org.apache.flink.api.java.functions.SemanticPropUtilTest" time="0"/>
  <testcase name="testForwardedDual" classname="org.apache.flink.api.java.functions.SemanticPropUtilTest" time="0.001"/>
  <testcase name="testForwardedPojo" classname="org.apache.flink.api.java.functions.SemanticPropUtilTest" time="0.002"/>
  <testcase name="testForwardedRead" classname="org.apache.flink.api.java.functions.SemanticPropUtilTest" time="0"/>
  <testcase name="testForwardedReadDual" classname="org.apache.flink.api.java.functions.SemanticPropUtilTest" time="0"/>
  <testcase name="testForwardedNoArrrowIndividualStrings" classname="org.apache.flink.api.java.functions.SemanticPropUtilTest" time="0.001"/>
</testsuite>