<?xml version="1.0" encoding="UTF-8"?>
<testsuite name="org.apache.flink.api.java.operator.JoinOperatorTest" time="0.503" tests="63" errors="0" skipped="0" failures="0">
  <properties>
[...]
</properties>
  <testcase name="testJoinProjection13" classname="org.apache.flink.api.java.operator.JoinOperatorTest" time="0.07"/>
  <testcase name="testJoinProjection14" classname="org.apache.flink.api.java.operator.JoinOperatorTest" time="0.004"/>
  <testcase name="testJoinProjection21" classname="org.apache.flink.api.java.operator.JoinOperatorTest" time="0.003"/>
  <testcase name="testJoinProjection26" classname="org.apache.flink.api.java.operator.JoinOperatorTest" time="0.206"/>
  <testcase name="testJoinProjection27" classname="org.apache.flink.api.java.operator.JoinOperatorTest" time="0.003"/>
  <testcase name="testJoinProjection28" classname="org.apache.flink.api.java.operator.JoinOperatorTest" time="0.009"/>
  <testcase name="testJoinProjection29" classname="org.apache.flink.api.java.operator.JoinOperatorTest" time="0.001"/>
  <testcase name="testJoinProjection30" classname="org.apache.flink.api.java.operator.JoinOperatorTest" time="0.001"/>
  <testcase name="testJoinProjection33" classname="org.apache.flink.api.java.operator.JoinOperatorTest" time="0.001"/>
  <testcase name="testJoinProjection34" classname="org.apache.flink.api.java.operator.JoinOperatorTest" time="0.001"/>
  <testcase name="testJoinKeyWithCustomContainingTuple0" classname="org.apache.flink.api.java.operator.JoinOperatorTest" time="0.002"/>
  <testcase name="testJoinKeyWithCustomContainingTuple1" classname="org.apache.flink.api.java.operator.JoinOperatorTest" time="0.002"/>
  <testcase name="testJoinKeyWithCustomContainingTuple2" classname="org.apache.flink.api.java.operator.JoinOperatorTest" time="0.008"/>
  <testcase name="testJoinKeyExpressions1Nested" classname="org.apache.flink.api.java.operator.JoinOperatorTest" time="0.002"/>
  <testcase name="testJoinKeyMixing1" classname="org.apache.flink.api.java.operator.JoinOperatorTest" time="0.008"/>
  <testcase name="testJoinKeyMixing2" classname="org.apache.flink.api.java.operator.JoinOperatorTest" time="0.006"/>
  <testcase name="testJoinKeyMixing3" classname="org.apache.flink.api.java.operator.JoinOperatorTest" time="0.004"/>
  <testcase name="testJoinKeyMixing4" classname="org.apache.flink.api.java.operator.JoinOperatorTest" time="0.006"/>
  <testcase name="testJoinKeyMixedTupleIndex" classname="org.apache.flink.api.java.operator.JoinOperatorTest" time="0.001"/>
  <testcase name="testJoinKeyMixedKeySelectorTurned" classname="org.apache.flink.api.java.operator.JoinOperatorTest" time="0.006"/>
  <testcase name="testJoinKeyMixedKeySelector" classname="org.apache.flink.api.java.operator.JoinOperatorTest" time="0.005"/>
  <testcase name="testJoinKeyExpressions2Nested" classname="org.apache.flink.api.java.operator.JoinOperatorTest" time="0.001"/>
  <testcase name="testJoinKeyNestedTuplesWithCustom" classname="org.apache.flink.api.java.operator.JoinOperatorTest" time="0.001"/>
  <testcase name="testJoinKeyMixedTupleIndex2" classname="org.apache.flink.api.java.operator.JoinOperatorTest" time="0.001"/>
  <testcase name="testJoinKeySelectors1" classname="org.apache.flink.api.java.operator.JoinOperatorTest" time="0.006"/>
  <testcase name="testJoinKeyExpressions3Nested" classname="org.apache.flink.api.java.operator.JoinOperatorTest" time="0.002"/>
  <testcase name="testJoinKeyFields1" classname="org.apache.flink.api.java.operator.JoinOperatorTest" time="0.001"/>
  <testcase name="testJoinKeyFields2" classname="org.apache.flink.api.java.operator.JoinOperatorTest" time="0.002"/>
  <testcase name="testJoinKeyFields3" classname="org.apache.flink.api.java.operator.JoinOperatorTest" time="0"/>
  <testcase name="testJoinKeyFields4" classname="org.apache.flink.api.java.operator.JoinOperatorTest" time="0"/>
  <testcase name="testJoinKeyFields5" classname="org.apache.flink.api.java.operator.JoinOperatorTest" time="0.001"/>
  <testcase name="testJoinKeyFields6" classname="org.apache.flink.api.java.operator.JoinOperatorTest" time="0.01"/>
  <testcase name="testJoinKeyInvalidAtomic1" classname="org.apache.flink.api.java.operator.JoinOperatorTest" time="0.005"/>
  <testcase name="testJoinKeyInvalidAtomic2" classname="org.apache.flink.api.java.operator.JoinOperatorTest" time="0.001"/>
  <testcase name="testJoinKeyInvalidAtomic3" classname="org.apache.flink.api.java.operator.JoinOperatorTest" time="0"/>
  <testcase name="testJoinKeyInvalidAtomic4" classname="org.apache.flink.api.java.operator.JoinOperatorTest" time="0"/>
  <testcase name="testJoinKeyInvalidAtomic5" classname="org.apache.flink.api.java.operator.JoinOperatorTest" time="0.006"/>
  <testcase name="testJoinKeyInvalidAtomic6" classname="org.apache.flink.api.java.operator.JoinOperatorTest" time="0.001"/>
  <testcase name="testJoinKeyExpressions4Nested" classname="org.apache.flink.api.java.operator.JoinOperatorTest" time="0.001"/>
  <testcase name="testJoinKeyMixedTupleIndexWrongType" classname="org.apache.flink.api.java.operator.JoinOperatorTest" time="0"/>
  <testcase name="testJoinKeyAtomic1" classname="org.apache.flink.api.java.operator.JoinOperatorTest" time="0.003"/>
  <testcase name="testJoinKeyAtomic2" classname="org.apache.flink.api.java.operator.JoinOperatorTest" time="0.001"/>
  <testcase name="testSemanticPropsWithKeySelector1" classname="org.apache.flink.api.java.operator.JoinOperatorTest" time="0.036"/>
  <testcase name="testSemanticPropsWithKeySelector2" classname="org.apache.flink.api.java.operator.JoinOperatorTest" time="0.016"/>
  <testcase name="testSemanticPropsWithKeySelector3" classname="org.apache.flink.api.java.operator.JoinOperatorTest" time="0.011"/>
  <testcase name="testJoinKeyMixedTupleIndexTurned" classname="org.apache.flink.api.java.operator.JoinOperatorTest" time="0.001"/>
  <testcase name="testJoinKeyExpressionsNested" classname="org.apache.flink.api.java.operator.JoinOperatorTest" time="0.003"/>
  <testcase name="testJoinProjection1" classname="org.apache.flink.api.java.operator.JoinOperatorTest" time="0.001"/>
  <testcase name="testJoinProjection2" classname="org.apache.flink.api.java.operator.JoinOperatorTest" time="0.001"/>
  <testcase name="testJoinProjection3" classname="org.apache.flink.api.java.operator.JoinOperatorTest" time="0.001"/>
  <testcase name="testJoinProjection4" classname="org.apache.flink.api.java.operator.JoinOperatorTest" time="0.003"/>
  <testcase name="testJoinProjection5" classname="org.apache.flink.api.java.operator.JoinOperatorTest" time="0.001"/>
  <testcase name="testJoinProjection6" classname="org.apache.flink.api.java.operator.JoinOperatorTest" time="0.012"/>
  <testcase name="testJoinProjection7" classname="org.apache.flink.api.java.operator.JoinOperatorTest" time="0.001"/>
  <testcase name="testJoinProjection8" classname="org.apache.flink.api.java.operator.JoinOperatorTest" time="0.001"/>
  <testcase name="testJoinProjection9" classname="org.apache.flink.api.java.operator.JoinOperatorTest" time="0.002"/>
  <testcase name="testJoinKeyMixedWrong" classname="org.apache.flink.api.java.operator.JoinOperatorTest" time="0.004"/>
  <testcase name="testJoinKeyNestedTuples" classname="org.apache.flink.api.java.operator.JoinOperatorTest" time="0.001"/>
  <testcase name="testJoinKeyNestedTuplesWrongType" classname="org.apache.flink.api.java.operator.JoinOperatorTest" time="0.001"/>
  <testcase name="testJoinKeyExpressions1" classname="org.apache.flink.api.java.operator.JoinOperatorTest" time="0.004"/>
  <testcase name="testJoinKeyExpressions2" classname="org.apache.flink.api.java.operator.JoinOperatorTest" time="0.002"/>
  <testcase name="testJoinKeyExpressions3" classname="org.apache.flink.api.java.operator.JoinOperatorTest" time="0.003"/>
  <testcase name="testJoinKeyExpressions4" classname="org.apache.flink.api.java.operator.JoinOperatorTest" time="0.006"/>
</testsuite>