<?xml version="1.0" encoding="UTF-8"?>
<testsuite name="org.apache.flink.api.java.sca.UdfAnalyzerTest" time="0.657" tests="63" errors="0" skipped="0" failures="0">
  <properties>
[...]
</properties>
  <testcase name="testForwardWithArrayModification" classname="org.apache.flink.api.java.sca.UdfAnalyzerTest" time="0.065"/>
  <testcase name="testForwardWithGenericTypeOutput" classname="org.apache.flink.api.java.sca.UdfAnalyzerTest" time="0.029"/>
  <testcase name="testForwardWithModifiedInput" classname="org.apache.flink.api.java.sca.UdfAnalyzerTest" time="0.004"/>
  <testcase name="testForwardWithRecursion" classname="org.apache.flink.api.java.sca.UdfAnalyzerTest" time="0.044"/>
  <testcase name="testForwardWithAtLeastOneIterationAssumptionForJavac" classname="org.apache.flink.api.java.sca.UdfAnalyzerTest" time="0.003"/>
  <testcase name="testForwardWithInheritance2" classname="org.apache.flink.api.java.sca.UdfAnalyzerTest" time="0.003"/>
  <testcase name="testFilterModificationException1" classname="org.apache.flink.api.java.sca.UdfAnalyzerTest" time="0.002"/>
  <testcase name="testFilterModificationException2" classname="org.apache.flink.api.java.sca.UdfAnalyzerTest" time="0.002"/>
  <testcase name="testNullReturnException" classname="org.apache.flink.api.java.sca.UdfAnalyzerTest" time="0.029"/>
  <testcase name="testForwardIntoTupleWithAssignment" classname="org.apache.flink.api.java.sca.UdfAnalyzerTest" time="0.008"/>
  <testcase name="testSingleFieldExtractWithCondition" classname="org.apache.flink.api.java.sca.UdfAnalyzerTest" time="0.01"/>
  <testcase name="testForwardIntoTupleWithInputPath" classname="org.apache.flink.api.java.sca.UdfAnalyzerTest" time="0.023"/>
  <testcase name="testForwardWithBranchingReduce" classname="org.apache.flink.api.java.sca.UdfAnalyzerTest" time="0.012"/>
  <testcase name="testForwardWithInheritance" classname="org.apache.flink.api.java.sca.UdfAnalyzerTest" time="0.014"/>
  <testcase name="testForwardWithCollector" classname="org.apache.flink.api.java.sca.UdfAnalyzerTest" time="0.007"/>
  <testcase name="testForwardWithAtLeastOneIterationAssumption" classname="org.apache.flink.api.java.sca.UdfAnalyzerTest" time="0.004"/>
  <testcase name="testForwardWithGetAndModification" classname="org.apache.flink.api.java.sca.UdfAnalyzerTest" time="0.004"/>
  <testcase name="testForwardWithCollectorPassing" classname="org.apache.flink.api.java.sca.UdfAnalyzerTest" time="0.002"/>
  <testcase name="testForwardWithGenericTypePublicAttrAccess" classname="org.apache.flink.api.java.sca.UdfAnalyzerTest" time="0.005"/>
  <testcase name="testForwardWithNewTupleToNewTupleAssignment" classname="org.apache.flink.api.java.sca.UdfAnalyzerTest" time="0.004"/>
  <testcase name="testForwardWithIterable2" classname="org.apache.flink.api.java.sca.UdfAnalyzerTest" time="0.009"/>
  <testcase name="testForwardWithIterable3" classname="org.apache.flink.api.java.sca.UdfAnalyzerTest" time="0.007"/>
  <testcase name="testForwardWith2Collectors" classname="org.apache.flink.api.java.sca.UdfAnalyzerTest" time="0.002"/>
  <testcase name="testForwardWithPojoPrivateAttrAccess" classname="org.apache.flink.api.java.sca.UdfAnalyzerTest" time="0.01"/>
  <testcase name="testForwardWithBranching1" classname="org.apache.flink.api.java.sca.UdfAnalyzerTest" time="0.002"/>
  <testcase name="testForwardWithBranching2" classname="org.apache.flink.api.java.sca.UdfAnalyzerTest" time="0.044"/>
  <testcase name="testForwardWithBranching3" classname="org.apache.flink.api.java.sca.UdfAnalyzerTest" time="0.009"/>
  <testcase name="testForwardWithBranching4" classname="org.apache.flink.api.java.sca.UdfAnalyzerTest" time="0.007"/>
  <testcase name="testForwardWithBranching5" classname="org.apache.flink.api.java.sca.UdfAnalyzerTest" time="0.013"/>
  <testcase name="testForwardWithBranching6" classname="org.apache.flink.api.java.sca.UdfAnalyzerTest" time="0.002"/>
  <testcase name="testForwardWithTuplesGetSetFieldMethods" classname="org.apache.flink.api.java.sca.UdfAnalyzerTest" time="0.005"/>
  <testcase name="testForwardIntoTupleWithInstanceVar" classname="org.apache.flink.api.java.sca.UdfAnalyzerTest" time="0.006"/>
  <testcase name="testForwardIntoTupleWithInstanceVarChangedByOtherMethod" classname="org.apache.flink.api.java.sca.UdfAnalyzerTest" time="0.005"/>
  <testcase name="testForwardIntoTupleWithCondition" classname="org.apache.flink.api.java.sca.UdfAnalyzerTest" time="0.014"/>
  <testcase name="testForwardWithUnboxingAndBoxing" classname="org.apache.flink.api.java.sca.UdfAnalyzerTest" time="0.016"/>
  <testcase name="testForwardIntoNestedTupleWithVarAndModification" classname="org.apache.flink.api.java.sca.UdfAnalyzerTest" time="0.009"/>
  <testcase name="testForwardWithGetMethod2" classname="org.apache.flink.api.java.sca.UdfAnalyzerTest" time="0.021"/>
  <testcase name="testForwardWithTuplesGetSetFieldMethods2" classname="org.apache.flink.api.java.sca.UdfAnalyzerTest" time="0.013"/>
  <testcase name="testSingleFieldExtract" classname="org.apache.flink.api.java.sca.UdfAnalyzerTest" time="0"/>
  <testcase name="testForwardIntoTupleWithInstanceVarAndCondition" classname="org.apache.flink.api.java.sca.UdfAnalyzerTest" time="0.005"/>
  <testcase name="testForwardWithPojoPublicAttrAccess" classname="org.apache.flink.api.java.sca.UdfAnalyzerTest" time="0.002"/>
  <testcase name="testForwardWithArrayAttrAccess" classname="org.apache.flink.api.java.sca.UdfAnalyzerTest" time="0.007"/>
  <testcase name="testForwardWithIterable" classname="org.apache.flink.api.java.sca.UdfAnalyzerTest" time="0.002"/>
  <testcase name="testForwardIntoTupleWithInstanceVar2" classname="org.apache.flink.api.java.sca.UdfAnalyzerTest" time="0.011"/>
  <testcase name="testForwardIntoUnsupportedObject" classname="org.apache.flink.api.java.sca.UdfAnalyzerTest" time="0.021"/>
  <testcase name="testForwardIntoTuple" classname="org.apache.flink.api.java.sca.UdfAnalyzerTest" time="0.011"/>
  <testcase name="testForwardWithSetMethod" classname="org.apache.flink.api.java.sca.UdfAnalyzerTest" time="0.009"/>
  <testcase name="testForwardIntoNewTupleWithSetMethod" classname="org.apache.flink.api.java.sca.UdfAnalyzerTest" time="0.022"/>
  <testcase name="testForwardWithReduce" classname="org.apache.flink.api.java.sca.UdfAnalyzerTest" time="0.006"/>
  <testcase name="testPutStaticException" classname="org.apache.flink.api.java.sca.UdfAnalyzerTest" time="0.011"/>
  <testcase name="testForwardWithAtLeastOneIterationAssumption2" classname="org.apache.flink.api.java.sca.UdfAnalyzerTest" time="0.002"/>
  <testcase name="testForwardWithAtLeastOneIterationAssumption3" classname="org.apache.flink.api.java.sca.UdfAnalyzerTest" time="0.001"/>
  <testcase name="testForwardWithAtLeastOneIterationAssumption4" classname="org.apache.flink.api.java.sca.UdfAnalyzerTest" time="0.001"/>
  <testcase name="testForwardWithAtLeastOneIterationAssumption5" classname="org.apache.flink.api.java.sca.UdfAnalyzerTest" time="0.002"/>
  <testcase name="testForwardWithAtLeastOneIterationAssumption6" classname="org.apache.flink.api.java.sca.UdfAnalyzerTest" time="0.016"/>
  <testcase name="testForwardWithAtLeastOneIterationAssumption7" classname="org.apache.flink.api.java.sca.UdfAnalyzerTest" time="0.002"/>
  <testcase name="testForwardWithGetMethod" classname="org.apache.flink.api.java.sca.UdfAnalyzerTest" time="0.007"/>
  <testcase name="testForwardIntoNestedTuple" classname="org.apache.flink.api.java.sca.UdfAnalyzerTest" time="0.018"/>
  <testcase name="testForwardWithDualInput" classname="org.apache.flink.api.java.sca.UdfAnalyzerTest" time="0.008"/>
  <testcase name="testForwardIntoPojoByGettersAndSetters" classname="org.apache.flink.api.java.sca.UdfAnalyzerTest" time="0.008"/>
  <testcase name="testForwardWithDualInputAndCollector" classname="org.apache.flink.api.java.sca.UdfAnalyzerTest" time="0.006"/>
  <testcase name="testForwardWithGetRuntimeContext" classname="org.apache.flink.api.java.sca.UdfAnalyzerTest" time="0.008"/>
  <testcase name="testForwardWithSetMethod2" classname="org.apache.flink.api.java.sca.UdfAnalyzerTest" time="0.003"/>
</testsuite>