<?xml version="1.0" encoding="UTF-8"?>
<testsuite name="org.apache.flink.api.java.operator.GroupingTest" time="0.132" tests="36" errors="0" skipped="0" failures="0">
  <properties>
[...]
</properties>
  <testcase name="testGroupByKeyFields1" classname="org.apache.flink.api.java.operator.GroupingTest" time="0.002"/>
  <testcase name="testGroupByKeyFields2" classname="org.apache.flink.api.java.operator.GroupingTest" time="0.001"/>
  <testcase name="testGroupByKeyFields3" classname="org.apache.flink.api.java.operator.GroupingTest" time="0.001"/>
  <testcase name="testGroupByKeyFields4" classname="org.apache.flink.api.java.operator.GroupingTest" time="0"/>
  <testcase name="testGroupByKeyFields5" classname="org.apache.flink.api.java.operator.GroupingTest" time="0"/>
  <testcase name="testGroupSortByKeyExpression1" classname="org.apache.flink.api.java.operator.GroupingTest" time="0.002"/>
  <testcase name="testGroupSortByKeyExpression2" classname="org.apache.flink.api.java.operator.GroupingTest" time="0.004"/>
  <testcase name="testGroupSortByKeyExpression3" classname="org.apache.flink.api.java.operator.GroupingTest" time="0.001"/>
  <testcase name="testGroupSortByKeyExpression4" classname="org.apache.flink.api.java.operator.GroupingTest" time="0.001"/>
  <testcase name="testGroupSortByKeyExpression5" classname="org.apache.flink.api.java.operator.GroupingTest" time="0.001"/>
  <testcase name="testGroupSortByKeyExpression6" classname="org.apache.flink.api.java.operator.GroupingTest" time="0.001"/>
  <testcase name="testGroupByKeySelector1" classname="org.apache.flink.api.java.operator.GroupingTest" time="0.018"/>
  <testcase name="testGroupByKeySelector2" classname="org.apache.flink.api.java.operator.GroupingTest" time="0.011"/>
  <testcase name="testGroupByKeySelector3" classname="org.apache.flink.api.java.operator.GroupingTest" time="0.005"/>
  <testcase name="testGroupByKeySelector4" classname="org.apache.flink.api.java.operator.GroupingTest" time="0.003"/>
  <testcase name="testGroupByKeySelector5" classname="org.apache.flink.api.java.operator.GroupingTest" time="0.028"/>
  <testcase name="testGroupingAtomicType" classname="org.apache.flink.api.java.operator.GroupingTest" time="0.002"/>
  <testcase name="testGroupAtomicTypeWithInvalid1" classname="org.apache.flink.api.java.operator.GroupingTest" time="0.009"/>
  <testcase name="testGroupAtomicTypeWithInvalid2" classname="org.apache.flink.api.java.operator.GroupingTest" time="0.001"/>
  <testcase name="testGroupAtomicTypeWithInvalid3" classname="org.apache.flink.api.java.operator.GroupingTest" time="0.001"/>
  <testcase name="testGroupByKeyFieldsOnPrimitiveArray" classname="org.apache.flink.api.java.operator.GroupingTest" time="0.001"/>
  <testcase name="testGroupByKeyExpressions1Nested" classname="org.apache.flink.api.java.operator.GroupingTest" time="0.001"/>
  <testcase name="testGroupByKeyExpressions1" classname="org.apache.flink.api.java.operator.GroupingTest" time="0.001"/>
  <testcase name="testGroupByKeyExpressions2" classname="org.apache.flink.api.java.operator.GroupingTest" time="0"/>
  <testcase name="testGroupByKeyExpressions3" classname="org.apache.flink.api.java.operator.GroupingTest" time="0"/>
  <testcase name="testGroupByKeyExpressions4" classname="org.apache.flink.api.java.operator.GroupingTest" time="0"/>
  <testcase name="testGroupSortKeyFields1" classname="org.apache.flink.api.java.operator.GroupingTest" time="0.001"/>
  <testcase name="testGroupSortKeyFields2" classname="org.apache.flink.api.java.operator.GroupingTest" time="0.001"/>
  <testcase name="testGroupSortKeyFields3" classname="org.apache.flink.api.java.operator.GroupingTest" time="0.004"/>
  <testcase name="testGroupSortKeyFields4" classname="org.apache.flink.api.java.operator.GroupingTest" time="0"/>
  <testcase name="testGroupSortKeyFields5" classname="org.apache.flink.api.java.operator.GroupingTest" time="0.001"/>
  <testcase name="testGroupByKeyExpressions2Nested" classname="org.apache.flink.api.java.operator.GroupingTest" time="0"/>
  <testcase name="testChainedGroupSortKeyFields" classname="org.apache.flink.api.java.operator.GroupingTest" time="0"/>
  <testcase name="testGroupSortByKeySelector1" classname="org.apache.flink.api.java.operator.GroupingTest" time="0.004"/>
  <testcase name="testGroupSortByKeySelector2" classname="org.apache.flink.api.java.operator.GroupingTest" time="0.018"/>
  <testcase name="testGroupSortByKeySelector3" classname="org.apache.flink.api.java.operator.GroupingTest" time="0.008"/>
</testsuite>