<?xml version="1.0" encoding="UTF-8"?>
<testsuite name="org.apache.flink.core.memory.HybridOnHeapMemorySegmentTest" time="1.97" tests="81" errors="0" skipped="0" failures="0">
  <properties>
[...]
</properties>
  <testcase name="testHybridHeapSegmentSpecifics[segment-size = 32,768]" classname="org.apache.flink.core.memory.HybridOnHeapMemorySegmentTest" time="0"/>
  <testcase name="testByteBufferOverflowUnderflow[segment-size = 32,768]" classname="org.apache.flink.core.memory.HybridOnHeapMemorySegmentTest" time="0.001"/>
  <testcase name="testLongAccess[segment-size = 32,768]" classname="org.apache.flink.core.memory.HybridOnHeapMemorySegmentTest" time="0.01"/>
  <testcase name="testBulkBytePutExceptions[segment-size = 32,768]" classname="org.apache.flink.core.memory.HybridOnHeapMemorySegmentTest" time="0"/>
  <testcase name="testByteBufferOutOfBounds[segment-size = 32,768]" classname="org.apache.flink.core.memory.HybridOnHeapMemorySegmentTest" time="0.001"/>
  <testcase name="testBulkByteGetExceptions[segment-size = 32,768]" classname="org.apache.flink.core.memory.HybridOnHeapMemorySegmentTest" time="0.001"/>
  <testcase name="testByteBufferGet[segment-size = 32,768]" classname="org.apache.flink.core.memory.HybridOnHeapMemorySegmentTest" time="0.007"/>
  <testcase name="testByteBufferPut[segment-size = 32,768]" classname="org.apache.flink.core.memory.HybridOnHeapMemorySegmentTest" time="0.002"/>
  <testcase name="testOwner[segment-size = 32,768]" classname="org.apache.flink.core.memory.HybridOnHeapMemorySegmentTest" time="0"/>
  <testcase name="testBooleanAccess[segment-size = 32,768]" classname="org.apache.flink.core.memory.HybridOnHeapMemorySegmentTest" time="0.045"/>
  <testcase name="testDataInputOutputStreamUnderflowOverflow[segment-size = 32,768]" classname="org.apache.flink.core.memory.HybridOnHeapMemorySegmentTest" time="0.001"/>
  <testcase name="testByteAccess[segment-size = 32,768]" classname="org.apache.flink.core.memory.HybridOnHeapMemorySegmentTest" time="0.037"/>
  <testcase name="testSwapBytes[segment-size = 32,768]" classname="org.apache.flink.core.memory.HybridOnHeapMemorySegmentTest" time="0.025"/>
  <testcase name="testCharAccess[segment-size = 32,768]" classname="org.apache.flink.core.memory.HybridOnHeapMemorySegmentTest" time="0.018"/>
  <testcase name="testDataInputOutput[segment-size = 32,768]" classname="org.apache.flink.core.memory.HybridOnHeapMemorySegmentTest" time="0.014"/>
  <testcase name="testShortAccess[segment-size = 32,768]" classname="org.apache.flink.core.memory.HybridOnHeapMemorySegmentTest" time="0.019"/>
  <testcase name="testCheckAgainstOverflowUnderflowOnRelease[segment-size = 32,768]" classname="org.apache.flink.core.memory.HybridOnHeapMemorySegmentTest" time="0"/>
  <testcase name="testSizeAndFreeing[segment-size = 32,768]" classname="org.apache.flink.core.memory.HybridOnHeapMemorySegmentTest" time="0"/>
  <testcase name="testIntAccess[segment-size = 32,768]" classname="org.apache.flink.core.memory.HybridOnHeapMemorySegmentTest" time="0.011"/>
  <testcase name="testBulkByteAccess[segment-size = 32,768]" classname="org.apache.flink.core.memory.HybridOnHeapMemorySegmentTest" time="0.081"/>
  <testcase name="testByteBufferWrapping[segment-size = 32,768]" classname="org.apache.flink.core.memory.HybridOnHeapMemorySegmentTest" time="0.001"/>
  <testcase name="testDataInputOutputOutOfBounds[segment-size = 32,768]" classname="org.apache.flink.core.memory.HybridOnHeapMemorySegmentTest" time="0.002"/>
  <testcase name="testCompareBytes[segment-size = 32,768]" classname="org.apache.flink.core.memory.HybridOnHeapMemorySegmentTest" time="0.019"/>
  <testcase name="testFloatAccess[segment-size = 32,768]" classname="org.apache.flink.core.memory.HybridOnHeapMemorySegmentTest" time="0.016"/>
  <testcase name="testDoubleAccess[segment-size = 32,768]" classname="org.apache.flink.core.memory.HybridOnHeapMemorySegmentTest" time="0.021"/>
  <testcase name="testSlicedByteBufferGet[segment-size = 32,768]" classname="org.apache.flink.core.memory.HybridOnHeapMemorySegmentTest" time="0.001"/>
  <testcase name="testSlicedByteBufferPut[segment-size = 32,768]" classname="org.apache.flink.core.memory.HybridOnHeapMemorySegmentTest" time="0.001"/>
  <testcase name="testHybridHeapSegmentSpecifics[segment-size = 4,096]" classname="org.apache.flink.core.memory.HybridOnHeapMemorySegmentTest" time="0"/>
  <testcase name="testByteBufferOverflowUnderflow[segment-size = 4,096]" classname="org.apache.flink.core.memory.HybridOnHeapMemorySegmentTest" time="0"/>
  <testcase name="testLongAccess[segment-size = 4,096]" classname="org.apache.flink.core.memory.HybridOnHeapMemorySegmentTest" time="0.004"/>
  <testcase name="testBulkBytePutExceptions[segment-size = 4,096]" classname="org.apache.flink.core.memory.HybridOnHeapMemorySegmentTest" time="0.001"/>
  <testcase name="testByteBufferOutOfBounds[segment-size = 4,096]" classname="org.apache.flink.core.memory.HybridOnHeapMemorySegmentTest" time="0.001"/>
  <testcase name="testBulkByteGetExceptions[segment-size = 4,096]" classname="org.apache.flink.core.memory.HybridOnHeapMemorySegmentTest" time="0.001"/>
  <testcase name="testByteBufferGet[segment-size = 4,096]" classname="org.apache.flink.core.memory.HybridOnHeapMemorySegmentTest" time="0"/>
  <testcase name="testByteBufferPut[segment-size = 4,096]" classname="org.apache.flink.core.memory.HybridOnHeapMemorySegmentTest" time="0.003"/>
  <testcase name="testOwner[segment-size = 4,096]" classname="org.apache.flink.core.memory.HybridOnHeapMemorySegmentTest" time="0"/>
  <testcase name="testBooleanAccess[segment-size = 4,096]" classname="org.apache.flink.core.memory.HybridOnHeapMemorySegmentTest" time="0.002"/>
  <testcase name="testDataInputOutputStreamUnderflowOverflow[segment-size = 4,096]" classname="org.apache.flink.core.memory.HybridOnHeapMemorySegmentTest" time="0.001"/>
  <testcase name="testByteAccess[segment-size = 4,096]" classname="org.apache.flink.core.memory.HybridOnHeapMemorySegmentTest" time="0.003"/>
  <testcase name="testSwapBytes[segment-size = 4,096]" classname="org.apache.flink.core.memory.HybridOnHeapMemorySegmentTest" time="0.004"/>
  <testcase name="testCharAccess[segment-size = 4,096]" classname="org.apache.flink.core.memory.HybridOnHeapMemorySegmentTest" time="0.002"/>
  <testcase name="testDataInputOutput[segment-size = 4,096]" classname="org.apache.flink.core.memory.HybridOnHeapMemorySegmentTest" time="0"/>
  <testcase name="testShortAccess[segment-size = 4,096]" classname="org.apache.flink.core.memory.HybridOnHeapMemorySegmentTest" time="0.005"/>
  <testcase name="testCheckAgainstOverflowUnderflowOnRelease[segment-size = 4,096]" classname="org.apache.flink.core.memory.HybridOnHeapMemorySegmentTest" time="0"/>
  <testcase name="testSizeAndFreeing[segment-size = 4,096]" classname="org.apache.flink.core.memory.HybridOnHeapMemorySegmentTest" time="0"/>
  <testcase name="testIntAccess[segment-size = 4,096]" classname="org.apache.flink.core.memory.HybridOnHeapMemorySegmentTest" time="0.001"/>
  <testcase name="testBulkByteAccess[segment-size = 4,096]" classname="org.apache.flink.core.memory.HybridOnHeapMemorySegmentTest" time="0.005"/>
  <testcase name="testByteBufferWrapping[segment-size = 4,096]" classname="org.apache.flink.core.memory.HybridOnHeapMemorySegmentTest" time="0"/>
  <testcase name="testDataInputOutputOutOfBounds[segment-size = 4,096]" classname="org.apache.flink.core.memory.HybridOnHeapMemorySegmentTest" time="0"/>
  <testcase name="testCompareBytes[segment-size = 4,096]" classname="org.apache.flink.core.memory.HybridOnHeapMemorySegmentTest" time="0.001"/>
  <testcase name="testFloatAccess[segment-size = 4,096]" classname="org.apache.flink.core.memory.HybridOnHeapMemorySegmentTest" time="0.001"/>
  <testcase name="testDoubleAccess[segment-size = 4,096]" classname="org.apache.flink.core.memory.HybridOnHeapMemorySegmentTest" time="0.001"/>
  <testcase name="testSlicedByteBufferGet[segment-size = 4,096]" classname="org.apache.flink.core.memory.HybridOnHeapMemorySegmentTest" time="0.002"/>
  <testcase name="testSlicedByteBufferPut[segment-size = 4,096]" classname="org.apache.flink.core.memory.HybridOnHeapMemorySegmentTest" time="0"/>
  <testcase name="testHybridHeapSegmentSpecifics[segment-size = 524,288]" classname="org.apache.flink.core.memory.HybridOnHeapMemorySegmentTest" time="0.001"/>
  <testcase name="testByteBufferOverflowUnderflow[segment-size = 524,288]" classname="org.apache.flink.core.memory.HybridOnHeapMemorySegmentTest" time="0"/>
  <testcase name="testLongAccess[segment-size = 524,288]" classname="org.apache.flink.core.memory.HybridOnHeapMemorySegmentTest" time="0.032"/>
  <testcase name="testBulkBytePutExceptions[segment-size = 524,288]" classname="org.apache.flink.core.memory.HybridOnHeapMemorySegmentTest" time="0.001"/>
  <testcase name="testByteBufferOutOfBounds[segment-size = 524,288]" classname="org.apache.flink.core.memory.HybridOnHeapMemorySegmentTest" time="0.002"/>
  <testcase name="testBulkByteGetExceptions[segment-size = 524,288]" classname="org.apache.flink.core.memory.HybridOnHeapMemorySegmentTest" time="0"/>
  <testcase name="testByteBufferGet[segment-size = 524,288]" classname="org.apache.flink.core.memory.HybridOnHeapMemorySegmentTest" time="0.059"/>
  <testcase name="testByteBufferPut[segment-size = 524,288]" classname="org.apache.flink.core.memory.HybridOnHeapMemorySegmentTest" time="0.008"/>
  <testcase name="testOwner[segment-size = 524,288]" classname="org.apache.flink.core.memory.HybridOnHeapMemorySegmentTest" time="0"/>
  <testcase name="testBooleanAccess[segment-size = 524,288]" classname="org.apache.flink.core.memory.HybridOnHeapMemorySegmentTest" time="0.138"/>
  <testcase name="testDataInputOutputStreamUnderflowOverflow[segment-size = 524,288]" classname="org.apache.flink.core.memory.HybridOnHeapMemorySegmentTest" time="0"/>
  <testcase name="testByteAccess[segment-size = 524,288]" classname="org.apache.flink.core.memory.HybridOnHeapMemorySegmentTest" time="0.048"/>
  <testcase name="testSwapBytes[segment-size = 524,288]" classname="org.apache.flink.core.memory.HybridOnHeapMemorySegmentTest" time="0.048"/>
  <testcase name="testCharAccess[segment-size = 524,288]" classname="org.apache.flink.core.memory.HybridOnHeapMemorySegmentTest" time="0.078"/>
  <testcase name="testDataInputOutput[segment-size = 524,288]" classname="org.apache.flink.core.memory.HybridOnHeapMemorySegmentTest" time="0.016"/>
  <testcase name="testShortAccess[segment-size = 524,288]" classname="org.apache.flink.core.memory.HybridOnHeapMemorySegmentTest" time="0.069"/>
  <testcase name="testCheckAgainstOverflowUnderflowOnRelease[segment-size = 524,288]" classname="org.apache.flink.core.memory.HybridOnHeapMemorySegmentTest" time="0.001"/>
  <testcase name="testSizeAndFreeing[segment-size = 524,288]" classname="org.apache.flink.core.memory.HybridOnHeapMemorySegmentTest" time="0"/>
  <testcase name="testIntAccess[segment-size = 524,288]" classname="org.apache.flink.core.memory.HybridOnHeapMemorySegmentTest" time="0.035"/>
  <testcase name="testBulkByteAccess[segment-size = 524,288]" classname="org.apache.flink.core.memory.HybridOnHeapMemorySegmentTest" time="0.954"/>
  <testcase name="testByteBufferWrapping[segment-size = 524,288]" classname="org.apache.flink.core.memory.HybridOnHeapMemorySegmentTest" time="0"/>
  <testcase name="testDataInputOutputOutOfBounds[segment-size = 524,288]" classname="org.apache.flink.core.memory.HybridOnHeapMemorySegmentTest" time="0"/>
  <testcase name="testCompareBytes[segment-size = 524,288]" classname="org.apache.flink.core.memory.HybridOnHeapMemorySegmentTest" time="0.018"/>
  <testcase name="testFloatAccess[segment-size = 524,288]" classname="org.apache.flink.core.memory.HybridOnHeapMemorySegmentTest" time="0.038"/>
  <testcase name="testDoubleAccess[segment-size = 524,288]" classname="org.apache.flink.core.memory.HybridOnHeapMemorySegmentTest" time="0.03"/>
  <testcase name="testSlicedByteBufferGet[segment-size = 524,288]" classname="org.apache.flink.core.memory.HybridOnHeapMemorySegmentTest" time="0.008"/>
  <testcase name="testSlicedByteBufferPut[segment-size = 524,288]" classname="org.apache.flink.core.memory.HybridOnHeapMemorySegmentTest" time="0.014"/>
</testsuite>